What's New in v1.6

1. Fixed Minor errors.
2. Added Update option.
3. Serious Bug Fixed.

11/29/2021
4. Bug Fixed.

12/15/2021
What's New in v1.6.2
5. A New Page Added.
6. Bug Fixed.
7. Most Page Autograb Email (Office & Webmail).
8. NGRok Now Working.
   Enjoy Your Spamming

12/18/2021
What's New in v1.6.3
9. New UI

12/20/2021
What's New in v1.6.4
10. WeTransfer Autograb Email Page Added.
11. Office365 Autograb Email Page Added.
12. Webmail Autograb Email Page Added.
13. New Updated Gmail Page Added.
14. Updated Hosting.

15/03/2022
What's New in v1.6.9
All New Pages Added.
UserAgent Added To Result Area.
Clean Added Server.

    Enjoy Your Spamming
